[+] Containers:
 |- [+] Container: /Game/LEVELS/GameLevel
 |   |- [+] ActorDescs:
 |   |   |- Guid:02FFA1B046D6B9E093CFB58D08760CB9 BaseClass:/Game/BLUEPRINTS/BP_InvisibleWalls.BP_InvisibleWalls_C NativeClass:/Script/Engine.Actor Name:BP_InvisibleWalls_C_UAID_38D5470F97AF0EAB01_1615454209 Label:BP_InvisibleWalls7 SpatiallyLoaded:1 Bounds:IsValid=true, Min=(X=-1298.122 Y=-300.122 Z=-142.495), Max=(X=-778.506 Y=299.878 Z=13423.985) RuntimeGrid:None EditorOnly:0 RuntimeOnly:0 HLODRelevant:0
 |   |   |- Guid:03920DF94EEFC9F86CC66185D32A3DA1 BaseClass: NativeClass:/Script/Engine.StaticMeshActor Name:StaticMeshActor_UAID_A4AE111137DC54FB00_1240666663 Label:SM_SkySphere SpatiallyLoaded:0 Bounds:IsValid=true, Min=(X=-1638400.000 Y=-1638400.000 Z=-1638400.000), Max=(X=1638400.000 Y=1638400.000 Z=1638400.000) RuntimeGrid:None EditorOnly:0 RuntimeOnly:0 HLODRelevant:0 FolderPath:Lighting FolderGuid:B7E9BD5B45A652654791988DEF54CCEB
 |   |   |- Guid:082ACEAE4E3EC9AAA3CBD4870CC817C0 BaseClass: NativeClass:/Script/Engine.StaticMeshActor Name:StaticMeshActor_UAID_38D5470F97AF17AB01_1790810801 Label:Cube SpatiallyLoaded:1 Bounds:IsValid=true, Min=(X=-50.000 Y=-50.000 Z=1950.000), Max=(X=50.000 Y=50.000 Z=2050.000) RuntimeGrid:None EditorOnly:0 RuntimeOnly:0 HLODRelevant:1
 |   |   |- Guid:0E44351E469C19B5D7B131A3F8C6CE08 BaseClass:/Game/BLUEPRINTS/BP_InvisibleWalls.BP_InvisibleWalls_C NativeClass:/Script/Engine.Actor Name:BP_InvisibleWalls_C_UAID_38D5470F97AF0EAB01_1627137211 Label:BP_InvisibleWalls9 SpatiallyLoaded:1 Bounds:IsValid=true, Min=(X=519.559 Y=-750.970 Z=-142.495), Max=(X=1039.174 Y=-150.970 Z=13423.985) RuntimeGrid:None EditorOnly:0 RuntimeOnly:0 HLODRelevant:0
 |   |   |- Guid:1238916240E5116E0040688FCD32595B BaseClass:/Game/BLUEPRINTS/BP_InvisibleWalls.BP_InvisibleWalls_C NativeClass:/Script/Engine.Actor Name:BP_InvisibleWalls_C_UAID_38D5470F97AF0EAB01_1609759208 Label:BP_InvisibleWalls6 SpatiallyLoaded:1 Bounds:IsValid=true, Min=(X=-1037.894 Y=-750.385 Z=-142.495), Max=(X=-518.278 Y=-150.385 Z=13423.985) RuntimeGrid:None EditorOnly:0 RuntimeOnly:0 HLODRelevant:0
 |   |   |- Guid:19EBD7F5481665AB70C12F87FEF22EFF BaseClass:/Game/BLUEPRINTS/BP_HexPlatform.BP_HexPlatform_C NativeClass:/Script/Engine.Actor Name:BP_HexPlatform_C_UAID_38D5470F97AF25AA01_2092846200 Label:BP_HexPlatform5 SpatiallyLoaded:1 Bounds:IsValid=true, Min=(X=-518.942 Y=-748.731 Z=0.614), Max=(X=-1.058 Y=-151.269 Z=157.388) RuntimeGrid:None EditorOnly:0 RuntimeOnly:0 HLODRelevant:0
 |   |   |- Guid:1D3D26F04B6DC10BEFB5B69E5CF914C8 BaseClass: NativeClass:/Script/Engine.VolumetricCloud Name:VolumetricCloud_UAID_A85E45CFE40401D200_1470381760 Label:VolumetricCloud SpatiallyLoaded:0 Bounds:IsValid=true, Min=(X=0.000 Y=0.000 Z=0.000), Max=(X=0.000 Y=0.000 Z=0.000) RuntimeGrid:None EditorOnly:0 RuntimeOnly:0 HLODRelevant:0 FolderPath:Lighting FolderGuid:B7E9BD5B45A652654791988DEF54CCEB
 |   |   |- Guid:1DE8D7AC4103A2EABA11649C7FCF8ACA BaseClass: NativeClass:/Script/Engine.SkyLight Name:SkyLight_UAID_A85E45CFE40401D200_1470380759 Label:SkyLight SpatiallyLoaded:0 Bounds:IsValid=true, Min=(X=0.000 Y=650.000 Z=720.000), Max=(X=0.000 Y=650.000 Z=720.000) RuntimeGrid:None EditorOnly:0 RuntimeOnly:0 HLODRelevant:0 FolderPath:Lighting FolderGuid:B7E9BD5B45A652654791988DEF54CCEB
 |   |   |- Guid:218E3B124735712D7EF272B4FB8E7FF6 BaseClass: NativeClass:/Script/Landscape.Landscape Name:Landscape_UAID_A85E45CFE404FBD100_1221515703 Label:Landscape SpatiallyLoaded:0 Bounds:IsValid=true, Min=(X=-100800.000 Y=-100800.000 Z=100.000), Max=(X=-100800.000 Y=-100800.000 Z=100.000) RuntimeGrid:None EditorOnly:0 RuntimeOnly:0 HLODRelevant:0
 |   |   |- Guid:220CD9A94691E8B1FF5749BDFDC61599 BaseClass:/Game/BLUEPRINTS/BP_TextBlocks.BP_TextBlocks_C NativeClass:/Script/Engine.Actor Name:BP_TextBlocks_C_UAID_38D5470F97AF26AA01_1345049380 Label:BP_TextBlocks SpatiallyLoaded:1 Bounds:IsValid=true, Min=(X=-1871.338 Y=1125.022 Z=130.000), Max=(X=736.483 Y=1752.370 Z=616.000) RuntimeGrid:None EditorOnly:0 RuntimeOnly:0 HLODRelevant:0
 |   |   |- Guid:24B2F6334D35C8E9DAA998B32BD6286A BaseClass:/Game/BLUEPRINTS/BP_HexPlatform.BP_HexPlatform_C NativeClass:/Script/Engine.Actor Name:BP_HexPlatform_C_UAID_38D5470F97AF25AA01_1904422194 Label:BP_HexPlatform SpatiallyLoaded:1 Bounds:IsValid=true, Min=(X=-258.942 Y=-298.731 Z=0.614), Max=(X=258.942 Y=298.731 Z=157.388) RuntimeGrid:None EditorOnly:0 RuntimeOnly:0 HLODRelevant:0
 |   |   |- Guid:2CE12F874AA39D020A0F4BA5739BD305 BaseClass: NativeClass:/Script/Engine.SkyAtmosphere Name:SkyAtmosphere_UAID_A85E45CFE40401D200_1470382762 Label:SkyAtmosphere SpatiallyLoaded:0 Bounds:IsValid=true, Min=(X=0.000 Y=0.000 Z=0.000), Max=(X=0.000 Y=0.000 Z=0.000) RuntimeGrid:None EditorOnly:0 RuntimeOnly:0 HLODRelevant:0 FolderPath:Lighting FolderGuid:B7E9BD5B45A652654791988DEF54CCEB
 |   |   |- Guid:2EA5B8294E1906506267F2A08A404A3F BaseClass: NativeClass:/Script/Engine.PostProcessVolume Name:PostProcessVolume_UAID_309C238784AFBAAA01_2041441416 Label:PostProcessVolume SpatiallyLoaded:1 Bounds:IsValid=true, Min=(X=-1515.000 Y=-2050.000 Z=15.000), Max=(X=2635.000 Y=2050.000 Z=1765.000) RuntimeGrid:None EditorOnly:0 RuntimeOnly:0 HLODRelevant:0 FolderPath:VFX FolderGuid:F15AE8DE436ED0B65FE78BBB94699F0B
 |   |   |- Guid:40D6B8F94B0A8635A1E28C9D45E2BD22 BaseClass:/Game/BLUEPRINTS/BP_InvisibleWalls.BP_InvisibleWalls_C NativeClass:/Script/Engine.Actor Name:BP_InvisibleWalls_C_UAID_38D5470F97AF0EAB01_1594791207 Label:BP_InvisibleWalls5 SpatiallyLoaded:1 Bounds:IsValid=true, Min=(X=-1037.894 Y=152.049 Z=-142.495), Max=(X=-518.278 Y=752.049 Z=13423.985) RuntimeGrid:None EditorOnly:0 RuntimeOnly:0 HLODRelevant:0
 |   |   |- Guid:4E77A6834F755BA8E6B01EBB34347A71 BaseClass:/Game/BLUEPRINTS/BP_HexPlatform.BP_HexPlatform_C NativeClass:/Script/Engine.Actor Name:BP_HexPlatform_C_UAID_38D5470F97AF25AA01_2081310198 Label:BP_HexPlatform3 SpatiallyLoaded:1 Bounds:IsValid=true, Min=(X=-518.942 Y=151.269 Z=0.614), Max=(X=-1.058 Y=748.731 Z=157.388) RuntimeGrid:None EditorOnly:0 RuntimeOnly:0 HLODRelevant:0
 |   |   |- Guid:5368FABB47D6D9580DAECA8B0417BF92 BaseClass: NativeClass:/Script/Engine.WorldDataLayers Name:WorldDataLayers Label:WorldDataLayers-1 SpatiallyLoaded:0 Bounds:IsValid=true, Min=(X=0.000 Y=0.000 Z=0.000), Max=(X=0.000 Y=0.000 Z=0.000) RuntimeGrid:None EditorOnly:0 RuntimeOnly:0 HLODRelevant:0
 |   |   |- Guid:5E3E40464117B16BE95985B8E95443DE BaseClass:/Game/BLUEPRINTS/BP_InvisibleWalls.BP_InvisibleWalls_C NativeClass:/Script/Engine.Actor Name:BP_InvisibleWalls_C_UAID_38D5470F97AF0EAB01_1635937212 Label:BP_InvisibleWalls10 SpatiallyLoaded:1 Bounds:IsValid=true, Min=(X=257.934 Y=-1201.427 Z=-142.495), Max=(X=777.549 Y=-601.427 Z=13423.985) RuntimeGrid:None EditorOnly:0 RuntimeOnly:0 HLODRelevant:0
 |   |   |- Guid:74282F104D17832CB9840EB864FFD64E BaseClass:/Game/BLUEPRINTS/BP_HexPlatform.BP_HexPlatform_C NativeClass:/Script/Engine.Actor Name:BP_HexPlatform_C_UAID_38D5470F97AF25AA01_2104953202 Label:BP_HexPlatform7 SpatiallyLoaded:1 Bounds:IsValid=true, Min=(X=-778.942 Y=-298.731 Z=0.614), Max=(X=-261.058 Y=298.731 Z=157.388) RuntimeGrid:None EditorOnly:0 RuntimeOnly:0 HLODRelevant:0
 |   |   |- Guid:868F166A49ECA716F35FDC9CBAB28599 BaseClass:/Game/BLUEPRINTS/BP_InvisibleWalls.BP_InvisibleWalls_C NativeClass:/Script/Engine.Actor Name:BP_InvisibleWalls_C_UAID_38D5470F97AF0EAB01_1588909206 Label:BP_InvisibleWalls4 SpatiallyLoaded:1 Bounds:IsValid=true, Min=(X=-778.451 Y=600.000 Z=-142.495), Max=(X=-258.836 Y=1200.000 Z=13423.985) RuntimeGrid:None EditorOnly:0 RuntimeOnly:0 HLODRelevant:0
 |   |   |- Guid:89664EE7437BFE2F7730FEBD13929B44 BaseClass:/Game/BLUEPRINTS/BP_Token.BP_Token_C NativeClass:/Script/Engine.Actor Name:BP_Token_C_UAID_38D5470F97AF17AB01_1859879805 Label:BP_Token5 SpatiallyLoaded:1 Bounds:IsValid=true, Min=(X=168.426 Y=-471.736 Z=164.668), Max=(X=242.406 Y=-387.380 Z=234.493) RuntimeGrid:None EditorOnly:0 RuntimeOnly:0 HLODRelevant:0
 |   |   |- Guid:8D0403A641245A4314FF5D98B088E5EA BaseClass:/Game/BLUEPRINTS/BP_InvisibleWalls.BP_InvisibleWalls_C NativeClass:/Script/Engine.Actor Name:BP_InvisibleWalls_C_UAID_38D5470F97AF0EAB01_1645190213 Label:BP_InvisibleWalls11 SpatiallyLoaded:1 Bounds:IsValid=true, Min=(X=-259.649 Y=-1201.427 Z=-142.495), Max=(X=259.967 Y=-601.427 Z=13423.985) RuntimeGrid:None EditorOnly:0 RuntimeOnly:0 HLODRelevant:0
 |   |   |- Guid:8D5FF9E34CEC9FF14471EFB8BDAFD710 BaseClass:/Game/BLUEPRINTS/BP_HexPlatform.BP_HexPlatform_C NativeClass:/Script/Engine.Actor Name:BP_HexPlatform_C_UAID_38D5470F97AF25AA01_2073317197 Label:BP_HexPlatform2 SpatiallyLoaded:1 Bounds:IsValid=true, Min=(X=261.058 Y=-298.731 Z=0.614), Max=(X=778.942 Y=298.731 Z=157.388) RuntimeGrid:None EditorOnly:0 RuntimeOnly:0 HLODRelevant:0
 |   |   |- Guid:9260E25B460702803CF59197F973E64C BaseClass:/Game/BLUEPRINTS/BP_InvisibleWalls.BP_InvisibleWalls_C NativeClass:/Script/Engine.Actor Name:BP_InvisibleWalls_C_UAID_38D5470F97AF0EAB01_1664157214 Label:BP_InvisibleWalls12 SpatiallyLoaded:1 Bounds:IsValid=true, Min=(X=-782.679 Y=-1201.427 Z=-142.495), Max=(X=-263.064 Y=-601.427 Z=13423.985) RuntimeGrid:None EditorOnly:0 RuntimeOnly:0 HLODRelevant:0
 |   |   |- Guid:940E62E04B67A7CABD368F80118D48D9 BaseClass:/Game/BLUEPRINTS/BP_Token.BP_Token_C NativeClass:/Script/Engine.Actor Name:BP_Token_C_UAID_38D5470F97AF17AB01_1856211802 Label:BP_Token2 SpatiallyLoaded:1 Bounds:IsValid=true, Min=(X=143.010 Y=382.219 Z=164.668), Max=(X=216.990 Y=466.576 Z=234.493) RuntimeGrid:None EditorOnly:0 RuntimeOnly:0 HLODRelevant:0
 |   |   |- Guid:9D2C2E8445B29B6A5BA9E7A0C9F20D6D BaseClass:/Game/CHARACTERS/PlayerChar/BP_Player.BP_Player_C NativeClass:/Script/Engine.Character Name:BP_Player_C_UAID_38D5470F97AF28AA01_1113314719 Label:BP_Player SpatiallyLoaded:1 Bounds:IsValid=true, Min=(X=-121.743 Y=-218.226 Z=324.616), Max=(X=2.025 Y=-79.169 Z=535.843) RuntimeGrid:None EditorOnly:0 RuntimeOnly:0 HLODRelevant:0
 |   |   |- Guid:AAAC6B5742760A58C2206DB37E44683C BaseClass: NativeClass:/Script/Engine.DirectionalLight Name:DirectionalLight_UAID_A85E45CFE40401D200_1470382761 Label:DirectionalLight SpatiallyLoaded:0 Bounds:IsValid=true, Min=(X=-4398046511104.000 Y=-4398046511104.000 Z=-4398046511104.000), Max=(X=4398046511104.000 Y=4398046511104.000 Z=4398046511104.000) RuntimeGrid:None EditorOnly:0 RuntimeOnly:0 HLODRelevant:0 FolderPath:Lighting FolderGuid:B7E9BD5B45A652654791988DEF54CCEB
 |   |   |- Guid:B235217745494B5CB73DD4A28CF861CF BaseClass:/Game/BLUEPRINTS/BP_InvisibleWalls.BP_InvisibleWalls_C NativeClass:/Script/Engine.Actor Name:BP_InvisibleWalls_C_UAID_38D5470F97AF0EAB01_1621175210 Label:BP_InvisibleWalls8 SpatiallyLoaded:1 Bounds:IsValid=true, Min=(X=780.604 Y=-300.122 Z=-142.495), Max=(X=1300.220 Y=299.878 Z=13423.985) RuntimeGrid:None EditorOnly:0 RuntimeOnly:0 HLODRelevant:0
 |   |   |- Guid:B9D29BB346498A4BE3A4BCB8A93EDA76 BaseClass:/Game/BLUEPRINTS/BP_Token.BP_Token_C NativeClass:/Script/Engine.Actor Name:BP_Token_C_UAID_38D5470F97AF17AB01_1857336803 Label:BP_Token3 SpatiallyLoaded:1 Bounds:IsValid=true, Min=(X=-273.769 Y=382.219 Z=164.668), Max=(X=-199.789 Y=466.576 Z=234.493) RuntimeGrid:None EditorOnly:0 RuntimeOnly:0 HLODRelevant:0
 |   |   |- Guid:C1B971C34D6D1A964C22F1B3261667F7 BaseClass:/Game/BLUEPRINTS/BP_InvisibleWalls.BP_InvisibleWalls_C NativeClass:/Script/Engine.Actor Name:BP_InvisibleWalls_C_UAID_38D5470F97AF0EAB01_1524343202 Label:BP_InvisibleWalls3 SpatiallyLoaded:1 Bounds:IsValid=true, Min=(X=260.192 Y=600.000 Z=-142.495), Max=(X=779.808 Y=1200.000 Z=13423.985) RuntimeGrid:None EditorOnly:0 RuntimeOnly:0 HLODRelevant:0
 |   |   |- Guid:C218E76346B6C4AD998AA490CCC4FB6E BaseClass:/Game/BLUEPRINTS/BP_Token.BP_Token_C NativeClass:/Script/Engine.Actor Name:BP_Token_C_UAID_38D5470F97AFDBAA01_1496492223 Label:BP_Token SpatiallyLoaded:1 Bounds:IsValid=true, Min=(X=143.010 Y=-12.178 Z=164.668), Max=(X=216.990 Y=72.178 Z=234.493) RuntimeGrid:None EditorOnly:0 RuntimeOnly:0 HLODRelevant:0
 |   |   |- Guid:C752F79A488323E11FE8B1A7099A9E1B BaseClass:/Game/BLUEPRINTS/BP_Enemy.BP_Enemy_C NativeClass:/Script/Engine.Character Name:BP_Enemy_C_UAID_38D5470F97AF11AB01_1495285744 Label:BP_Enemy SpatiallyLoaded:1 Bounds:IsValid=true, Min=(X=-266.089 Y=445.364 Z=290.853), Max=(X=-198.089 Y=513.364 Z=466.853) RuntimeGrid:None EditorOnly:0 RuntimeOnly:0 HLODRelevant:0
 |   |   |- Guid:E0385CBA46F0C95273C7208B1B32A6C1 BaseClass:/Game/BLUEPRINTS/BP_Token.BP_Token_C NativeClass:/Script/Engine.Actor Name:BP_Token_C_UAID_38D5470F97AF17AB01_1862667807 Label:BP_Token7 SpatiallyLoaded:1 Bounds:IsValid=true, Min=(X=-557.096 Y=-47.028 Z=164.668), Max=(X=-483.116 Y=37.328 Z=234.493) RuntimeGrid:None EditorOnly:0 RuntimeOnly:0 HLODRelevant:0
 |   |   |- Guid:E05B889440985FF4EBB6FCB98084174B BaseClass:/Game/BLUEPRINTS/BP_Token.BP_Token_C NativeClass:/Script/Engine.Actor Name:BP_Token_C_UAID_38D5470F97AF17AB01_1860959806 Label:BP_Token6 SpatiallyLoaded:1 Bounds:IsValid=true, Min=(X=435.935 Y=-47.028 Z=164.668), Max=(X=509.915 Y=37.328 Z=234.493) RuntimeGrid:None EditorOnly:0 RuntimeOnly:0 HLODRelevant:0
 |   |   |- Guid:E0F728AA45C090F96E25E7816836A5C5 BaseClass:/Game/BLUEPRINTS/BP_HexPlatform.BP_HexPlatform_C NativeClass:/Script/Engine.Actor Name:BP_HexPlatform_C_UAID_38D5470F97AF25AA01_2092849201 Label:BP_HexPlatform6 SpatiallyLoaded:1 Bounds:IsValid=true, Min=(X=1.058 Y=-748.731 Z=0.614), Max=(X=518.942 Y=-151.269 Z=157.388) RuntimeGrid:None EditorOnly:0 RuntimeOnly:0 HLODRelevant:0
 |   |   |- Guid:EB1356C84F425560E8CB77B8B99A368A BaseClass:/Game/BLUEPRINTS/BP_HexPlatform.BP_HexPlatform_C NativeClass:/Script/Engine.Actor Name:BP_HexPlatform_C_UAID_38D5470F97AF25AA01_2081313199 Label:BP_HexPlatform4 SpatiallyLoaded:1 Bounds:IsValid=true, Min=(X=1.058 Y=151.269 Z=0.614), Max=(X=518.942 Y=748.731 Z=157.388) RuntimeGrid:None EditorOnly:0 RuntimeOnly:0 HLODRelevant:0
 |   |   |- Guid:ECD30D8746280F63D565659E33E4B929 BaseClass:/Game/BLUEPRINTS/BP_InvisibleWalls.BP_InvisibleWalls_C NativeClass:/Script/Engine.Actor Name:BP_InvisibleWalls_C_UAID_38D5470F97AF0EAB01_1331492199 Label:BP_InvisibleWalls SpatiallyLoaded:1 Bounds:IsValid=true, Min=(X=-259.808 Y=600.000 Z=-142.495), Max=(X=259.808 Y=1200.000 Z=13423.985) RuntimeGrid:None EditorOnly:0 RuntimeOnly:0 HLODRelevant:0
 |   |   |- Guid:F24C79C548C46FDA2E5F43870D68AB84 BaseClass:/Game/BLUEPRINTS/BP_Token.BP_Token_C NativeClass:/Script/Engine.Actor Name:BP_Token_C_UAID_38D5470F97AF17AB01_1858466804 Label:BP_Token4 SpatiallyLoaded:1 Bounds:IsValid=true, Min=(X=-273.769 Y=-471.736 Z=164.668), Max=(X=-199.789 Y=-387.380 Z=234.493) RuntimeGrid:None EditorOnly:0 RuntimeOnly:0 HLODRelevant:0
 |   |   |- Guid:F5722A9C49EAC32FEA2DC9A3FE5E68ED BaseClass:/Game/BLUEPRINTS/BP_InvisibleWalls.BP_InvisibleWalls_C NativeClass:/Script/Engine.Actor Name:BP_InvisibleWalls_C_UAID_38D5470F97AF0EAB01_1513419201 Label:BP_InvisibleWalls2 SpatiallyLoaded:1 Bounds:IsValid=true, Min=(X=520.192 Y=150.000 Z=-142.495), Max=(X=1039.808 Y=750.000 Z=13423.985) RuntimeGrid:None EditorOnly:0 RuntimeOnly:0 HLODRelevant:0
 |   |- [+] Clusters:
 |   |   |- [+] [  0]
 |   |   |   |- Guid:E0385CBA46F0C95273C7208B1B32A6C1 BaseClass:/Game/BLUEPRINTS/BP_Token.BP_Token_C NativeClass:/Script/Engine.Actor Name:BP_Token_C_UAID_38D5470F97AF17AB01_1862667807 Label:BP_Token7 SpatiallyLoaded:1 Bounds:IsValid=true, Min=(X=-557.096 Y=-47.028 Z=164.668), Max=(X=-483.116 Y=37.328 Z=234.493) RuntimeGrid:None EditorOnly:0 RuntimeOnly:0 HLODRelevant:0
 |   |   |- [+] [  1]
 |   |   |   |- Guid:ECD30D8746280F63D565659E33E4B929 BaseClass:/Game/BLUEPRINTS/BP_InvisibleWalls.BP_InvisibleWalls_C NativeClass:/Script/Engine.Actor Name:BP_InvisibleWalls_C_UAID_38D5470F97AF0EAB01_1331492199 Label:BP_InvisibleWalls SpatiallyLoaded:1 Bounds:IsValid=true, Min=(X=-259.808 Y=600.000 Z=-142.495), Max=(X=259.808 Y=1200.000 Z=13423.985) RuntimeGrid:None EditorOnly:0 RuntimeOnly:0 HLODRelevant:0
 |   |   |- [+] [  2]
 |   |   |   |- Guid:5E3E40464117B16BE95985B8E95443DE BaseClass:/Game/BLUEPRINTS/BP_InvisibleWalls.BP_InvisibleWalls_C NativeClass:/Script/Engine.Actor Name:BP_InvisibleWalls_C_UAID_38D5470F97AF0EAB01_1635937212 Label:BP_InvisibleWalls10 SpatiallyLoaded:1 Bounds:IsValid=true, Min=(X=257.934 Y=-1201.427 Z=-142.495), Max=(X=777.549 Y=-601.427 Z=13423.985) RuntimeGrid:None EditorOnly:0 RuntimeOnly:0 HLODRelevant:0
 |   |   |- [+] [  3]
 |   |   |   |- Guid:89664EE7437BFE2F7730FEBD13929B44 BaseClass:/Game/BLUEPRINTS/BP_Token.BP_Token_C NativeClass:/Script/Engine.Actor Name:BP_Token_C_UAID_38D5470F97AF17AB01_1859879805 Label:BP_Token5 SpatiallyLoaded:1 Bounds:IsValid=true, Min=(X=168.426 Y=-471.736 Z=164.668), Max=(X=242.406 Y=-387.380 Z=234.493) RuntimeGrid:None EditorOnly:0 RuntimeOnly:0 HLODRelevant:0
 |   |   |- [+] [  4]
 |   |   |   |- Guid:AAAC6B5742760A58C2206DB37E44683C BaseClass: NativeClass:/Script/Engine.DirectionalLight Name:DirectionalLight_UAID_A85E45CFE40401D200_1470382761 Label:DirectionalLight SpatiallyLoaded:0 Bounds:IsValid=true, Min=(X=-4398046511104.000 Y=-4398046511104.000 Z=-4398046511104.000), Max=(X=4398046511104.000 Y=4398046511104.000 Z=4398046511104.000) RuntimeGrid:None EditorOnly:0 RuntimeOnly:0 HLODRelevant:0 FolderPath:Lighting FolderGuid:B7E9BD5B45A652654791988DEF54CCEB
 |   |   |- [+] [  5]
 |   |   |   |- Guid:8D0403A641245A4314FF5D98B088E5EA BaseClass:/Game/BLUEPRINTS/BP_InvisibleWalls.BP_InvisibleWalls_C NativeClass:/Script/Engine.Actor Name:BP_InvisibleWalls_C_UAID_38D5470F97AF0EAB01_1645190213 Label:BP_InvisibleWalls11 SpatiallyLoaded:1 Bounds:IsValid=true, Min=(X=-259.649 Y=-1201.427 Z=-142.495), Max=(X=259.967 Y=-601.427 Z=13423.985) RuntimeGrid:None EditorOnly:0 RuntimeOnly:0 HLODRelevant:0
 |   |   |- [+] [  6]
 |   |   |   |- Guid:1DE8D7AC4103A2EABA11649C7FCF8ACA BaseClass: NativeClass:/Script/Engine.SkyLight Name:SkyLight_UAID_A85E45CFE40401D200_1470380759 Label:SkyLight SpatiallyLoaded:0 Bounds:IsValid=true, Min=(X=0.000 Y=650.000 Z=720.000), Max=(X=0.000 Y=650.000 Z=720.000) RuntimeGrid:None EditorOnly:0 RuntimeOnly:0 HLODRelevant:0 FolderPath:Lighting FolderGuid:B7E9BD5B45A652654791988DEF54CCEB
 |   |   |- [+] [  7]
 |   |   |   |- Guid:9260E25B460702803CF59197F973E64C BaseClass:/Game/BLUEPRINTS/BP_InvisibleWalls.BP_InvisibleWalls_C NativeClass:/Script/Engine.Actor Name:BP_InvisibleWalls_C_UAID_38D5470F97AF0EAB01_1664157214 Label:BP_InvisibleWalls12 SpatiallyLoaded:1 Bounds:IsValid=true, Min=(X=-782.679 Y=-1201.427 Z=-142.495), Max=(X=-263.064 Y=-601.427 Z=13423.985) RuntimeGrid:None EditorOnly:0 RuntimeOnly:0 HLODRelevant:0
 |   |   |- [+] [  8]
 |   |   |   |- Guid:F24C79C548C46FDA2E5F43870D68AB84 BaseClass:/Game/BLUEPRINTS/BP_Token.BP_Token_C NativeClass:/Script/Engine.Actor Name:BP_Token_C_UAID_38D5470F97AF17AB01_1858466804 Label:BP_Token4 SpatiallyLoaded:1 Bounds:IsValid=true, Min=(X=-273.769 Y=-471.736 Z=164.668), Max=(X=-199.789 Y=-387.380 Z=234.493) RuntimeGrid:None EditorOnly:0 RuntimeOnly:0 HLODRelevant:0
 |   |   |- [+] [  9]
 |   |   |   |- Guid:F5722A9C49EAC32FEA2DC9A3FE5E68ED BaseClass:/Game/BLUEPRINTS/BP_InvisibleWalls.BP_InvisibleWalls_C NativeClass:/Script/Engine.Actor Name:BP_InvisibleWalls_C_UAID_38D5470F97AF0EAB01_1513419201 Label:BP_InvisibleWalls2 SpatiallyLoaded:1 Bounds:IsValid=true, Min=(X=520.192 Y=150.000 Z=-142.495), Max=(X=1039.808 Y=750.000 Z=13423.985) RuntimeGrid:None EditorOnly:0 RuntimeOnly:0 HLODRelevant:0
 |   |   |- [+] [ 10]
 |   |   |   |- Guid:E05B889440985FF4EBB6FCB98084174B BaseClass:/Game/BLUEPRINTS/BP_Token.BP_Token_C NativeClass:/Script/Engine.Actor Name:BP_Token_C_UAID_38D5470F97AF17AB01_1860959806 Label:BP_Token6 SpatiallyLoaded:1 Bounds:IsValid=true, Min=(X=435.935 Y=-47.028 Z=164.668), Max=(X=509.915 Y=37.328 Z=234.493) RuntimeGrid:None EditorOnly:0 RuntimeOnly:0 HLODRelevant:0
 |   |   |- [+] [ 11]
 |   |   |   |- Guid:5368FABB47D6D9580DAECA8B0417BF92 BaseClass: NativeClass:/Script/Engine.WorldDataLayers Name:WorldDataLayers Label:WorldDataLayers-1 SpatiallyLoaded:0 Bounds:IsValid=true, Min=(X=0.000 Y=0.000 Z=0.000), Max=(X=0.000 Y=0.000 Z=0.000) RuntimeGrid:None EditorOnly:0 RuntimeOnly:0 HLODRelevant:0
 |   |   |- [+] [ 12]
 |   |   |   |- Guid:0E44351E469C19B5D7B131A3F8C6CE08 BaseClass:/Game/BLUEPRINTS/BP_InvisibleWalls.BP_InvisibleWalls_C NativeClass:/Script/Engine.Actor Name:BP_InvisibleWalls_C_UAID_38D5470F97AF0EAB01_1627137211 Label:BP_InvisibleWalls9 SpatiallyLoaded:1 Bounds:IsValid=true, Min=(X=519.559 Y=-750.970 Z=-142.495), Max=(X=1039.174 Y=-150.970 Z=13423.985) RuntimeGrid:None EditorOnly:0 RuntimeOnly:0 HLODRelevant:0
 |   |   |- [+] [ 13]
 |   |   |   |- Guid:C1B971C34D6D1A964C22F1B3261667F7 BaseClass:/Game/BLUEPRINTS/BP_InvisibleWalls.BP_InvisibleWalls_C NativeClass:/Script/Engine.Actor Name:BP_InvisibleWalls_C_UAID_38D5470F97AF0EAB01_1524343202 Label:BP_InvisibleWalls3 SpatiallyLoaded:1 Bounds:IsValid=true, Min=(X=260.192 Y=600.000 Z=-142.495), Max=(X=779.808 Y=1200.000 Z=13423.985) RuntimeGrid:None EditorOnly:0 RuntimeOnly:0 HLODRelevant:0
 |   |   |- [+] [ 14]
 |   |   |   |- Guid:E0F728AA45C090F96E25E7816836A5C5 BaseClass:/Game/BLUEPRINTS/BP_HexPlatform.BP_HexPlatform_C NativeClass:/Script/Engine.Actor Name:BP_HexPlatform_C_UAID_38D5470F97AF25AA01_2092849201 Label:BP_HexPlatform6 SpatiallyLoaded:1 Bounds:IsValid=true, Min=(X=1.058 Y=-748.731 Z=0.614), Max=(X=518.942 Y=-151.269 Z=157.388) RuntimeGrid:None EditorOnly:0 RuntimeOnly:0 HLODRelevant:0
 |   |   |- [+] [ 15]
 |   |   |   |- Guid:082ACEAE4E3EC9AAA3CBD4870CC817C0 BaseClass: NativeClass:/Script/Engine.StaticMeshActor Name:StaticMeshActor_UAID_38D5470F97AF17AB01_1790810801 Label:Cube SpatiallyLoaded:1 Bounds:IsValid=true, Min=(X=-50.000 Y=-50.000 Z=1950.000), Max=(X=50.000 Y=50.000 Z=2050.000) RuntimeGrid:None EditorOnly:0 RuntimeOnly:0 HLODRelevant:1
 |   |   |- [+] [ 16]
 |   |   |   |- Guid:1238916240E5116E0040688FCD32595B BaseClass:/Game/BLUEPRINTS/BP_InvisibleWalls.BP_InvisibleWalls_C NativeClass:/Script/Engine.Actor Name:BP_InvisibleWalls_C_UAID_38D5470F97AF0EAB01_1609759208 Label:BP_InvisibleWalls6 SpatiallyLoaded:1 Bounds:IsValid=true, Min=(X=-1037.894 Y=-750.385 Z=-142.495), Max=(X=-518.278 Y=-150.385 Z=13423.985) RuntimeGrid:None EditorOnly:0 RuntimeOnly:0 HLODRelevant:0
 |   |   |- [+] [ 17]
 |   |   |   |- Guid:2EA5B8294E1906506267F2A08A404A3F BaseClass: NativeClass:/Script/Engine.PostProcessVolume Name:PostProcessVolume_UAID_309C238784AFBAAA01_2041441416 Label:PostProcessVolume SpatiallyLoaded:1 Bounds:IsValid=true, Min=(X=-1515.000 Y=-2050.000 Z=15.000), Max=(X=2635.000 Y=2050.000 Z=1765.000) RuntimeGrid:None EditorOnly:0 RuntimeOnly:0 HLODRelevant:0 FolderPath:VFX FolderGuid:F15AE8DE436ED0B65FE78BBB94699F0B
 |   |   |- [+] [ 18]
 |   |   |   |- Guid:2CE12F874AA39D020A0F4BA5739BD305 BaseClass: NativeClass:/Script/Engine.SkyAtmosphere Name:SkyAtmosphere_UAID_A85E45CFE40401D200_1470382762 Label:SkyAtmosphere SpatiallyLoaded:0 Bounds:IsValid=true, Min=(X=0.000 Y=0.000 Z=0.000), Max=(X=0.000 Y=0.000 Z=0.000) RuntimeGrid:None EditorOnly:0 RuntimeOnly:0 HLODRelevant:0 FolderPath:Lighting FolderGuid:B7E9BD5B45A652654791988DEF54CCEB
 |   |   |- [+] [ 19]
 |   |   |   |- Guid:B235217745494B5CB73DD4A28CF861CF BaseClass:/Game/BLUEPRINTS/BP_InvisibleWalls.BP_InvisibleWalls_C NativeClass:/Script/Engine.Actor Name:BP_InvisibleWalls_C_UAID_38D5470F97AF0EAB01_1621175210 Label:BP_InvisibleWalls8 SpatiallyLoaded:1 Bounds:IsValid=true, Min=(X=780.604 Y=-300.122 Z=-142.495), Max=(X=1300.220 Y=299.878 Z=13423.985) RuntimeGrid:None EditorOnly:0 RuntimeOnly:0 HLODRelevant:0
 |   |   |- [+] [ 20]
 |   |   |   |- Guid:C218E76346B6C4AD998AA490CCC4FB6E BaseClass:/Game/BLUEPRINTS/BP_Token.BP_Token_C NativeClass:/Script/Engine.Actor Name:BP_Token_C_UAID_38D5470F97AFDBAA01_1496492223 Label:BP_Token SpatiallyLoaded:1 Bounds:IsValid=true, Min=(X=143.010 Y=-12.178 Z=164.668), Max=(X=216.990 Y=72.178 Z=234.493) RuntimeGrid:None EditorOnly:0 RuntimeOnly:0 HLODRelevant:0
 |   |   |- [+] [ 21]
 |   |   |   |- Guid:03920DF94EEFC9F86CC66185D32A3DA1 BaseClass: NativeClass:/Script/Engine.StaticMeshActor Name:StaticMeshActor_UAID_A4AE111137DC54FB00_1240666663 Label:SM_SkySphere SpatiallyLoaded:0 Bounds:IsValid=true, Min=(X=-1638400.000 Y=-1638400.000 Z=-1638400.000), Max=(X=1638400.000 Y=1638400.000 Z=1638400.000) RuntimeGrid:None EditorOnly:0 RuntimeOnly:0 HLODRelevant:0 FolderPath:Lighting FolderGuid:B7E9BD5B45A652654791988DEF54CCEB
 |   |   |- [+] [ 22]
 |   |   |   |- Guid:940E62E04B67A7CABD368F80118D48D9 BaseClass:/Game/BLUEPRINTS/BP_Token.BP_Token_C NativeClass:/Script/Engine.Actor Name:BP_Token_C_UAID_38D5470F97AF17AB01_1856211802 Label:BP_Token2 SpatiallyLoaded:1 Bounds:IsValid=true, Min=(X=143.010 Y=382.219 Z=164.668), Max=(X=216.990 Y=466.576 Z=234.493) RuntimeGrid:None EditorOnly:0 RuntimeOnly:0 HLODRelevant:0
 |   |   |- [+] [ 23]
 |   |   |   |- Guid:4E77A6834F755BA8E6B01EBB34347A71 BaseClass:/Game/BLUEPRINTS/BP_HexPlatform.BP_HexPlatform_C NativeClass:/Script/Engine.Actor Name:BP_HexPlatform_C_UAID_38D5470F97AF25AA01_2081310198 Label:BP_HexPlatform3 SpatiallyLoaded:1 Bounds:IsValid=true, Min=(X=-518.942 Y=151.269 Z=0.614), Max=(X=-1.058 Y=748.731 Z=157.388) RuntimeGrid:None EditorOnly:0 RuntimeOnly:0 HLODRelevant:0
 |   |   |- [+] [ 24]
 |   |   |   |- Guid:B9D29BB346498A4BE3A4BCB8A93EDA76 BaseClass:/Game/BLUEPRINTS/BP_Token.BP_Token_C NativeClass:/Script/Engine.Actor Name:BP_Token_C_UAID_38D5470F97AF17AB01_1857336803 Label:BP_Token3 SpatiallyLoaded:1 Bounds:IsValid=true, Min=(X=-273.769 Y=382.219 Z=164.668), Max=(X=-199.789 Y=466.576 Z=234.493) RuntimeGrid:None EditorOnly:0 RuntimeOnly:0 HLODRelevant:0
 |   |   |- [+] [ 25]
 |   |   |   |- Guid:EB1356C84F425560E8CB77B8B99A368A BaseClass:/Game/BLUEPRINTS/BP_HexPlatform.BP_HexPlatform_C NativeClass:/Script/Engine.Actor Name:BP_HexPlatform_C_UAID_38D5470F97AF25AA01_2081313199 Label:BP_HexPlatform4 SpatiallyLoaded:1 Bounds:IsValid=true, Min=(X=1.058 Y=151.269 Z=0.614), Max=(X=518.942 Y=748.731 Z=157.388) RuntimeGrid:None EditorOnly:0 RuntimeOnly:0 HLODRelevant:0
 |   |   |- [+] [ 26]
 |   |   |   |- Guid:40D6B8F94B0A8635A1E28C9D45E2BD22 BaseClass:/Game/BLUEPRINTS/BP_InvisibleWalls.BP_InvisibleWalls_C NativeClass:/Script/Engine.Actor Name:BP_InvisibleWalls_C_UAID_38D5470F97AF0EAB01_1594791207 Label:BP_InvisibleWalls5 SpatiallyLoaded:1 Bounds:IsValid=true, Min=(X=-1037.894 Y=152.049 Z=-142.495), Max=(X=-518.278 Y=752.049 Z=13423.985) RuntimeGrid:None EditorOnly:0 RuntimeOnly:0 HLODRelevant:0
 |   |   |- [+] [ 27]
 |   |   |   |- Guid:218E3B124735712D7EF272B4FB8E7FF6 BaseClass: NativeClass:/Script/Landscape.Landscape Name:Landscape_UAID_A85E45CFE404FBD100_1221515703 Label:Landscape SpatiallyLoaded:0 Bounds:IsValid=true, Min=(X=-100800.000 Y=-100800.000 Z=100.000), Max=(X=-100800.000 Y=-100800.000 Z=100.000) RuntimeGrid:None EditorOnly:0 RuntimeOnly:0 HLODRelevant:0
 |   |   |- [+] [ 28]
 |   |   |   |- Guid:868F166A49ECA716F35FDC9CBAB28599 BaseClass:/Game/BLUEPRINTS/BP_InvisibleWalls.BP_InvisibleWalls_C NativeClass:/Script/Engine.Actor Name:BP_InvisibleWalls_C_UAID_38D5470F97AF0EAB01_1588909206 Label:BP_InvisibleWalls4 SpatiallyLoaded:1 Bounds:IsValid=true, Min=(X=-778.451 Y=600.000 Z=-142.495), Max=(X=-258.836 Y=1200.000 Z=13423.985) RuntimeGrid:None EditorOnly:0 RuntimeOnly:0 HLODRelevant:0
 |   |   |- [+] [ 29]
 |   |   |   |- Guid:1D3D26F04B6DC10BEFB5B69E5CF914C8 BaseClass: NativeClass:/Script/Engine.VolumetricCloud Name:VolumetricCloud_UAID_A85E45CFE40401D200_1470381760 Label:VolumetricCloud SpatiallyLoaded:0 Bounds:IsValid=true, Min=(X=0.000 Y=0.000 Z=0.000), Max=(X=0.000 Y=0.000 Z=0.000) RuntimeGrid:None EditorOnly:0 RuntimeOnly:0 HLODRelevant:0 FolderPath:Lighting FolderGuid:B7E9BD5B45A652654791988DEF54CCEB
 |   |   |- [+] [ 30]
 |   |   |   |- Guid:24B2F6334D35C8E9DAA998B32BD6286A BaseClass:/Game/BLUEPRINTS/BP_HexPlatform.BP_HexPlatform_C NativeClass:/Script/Engine.Actor Name:BP_HexPlatform_C_UAID_38D5470F97AF25AA01_1904422194 Label:BP_HexPlatform SpatiallyLoaded:1 Bounds:IsValid=true, Min=(X=-258.942 Y=-298.731 Z=0.614), Max=(X=258.942 Y=298.731 Z=157.388) RuntimeGrid:None EditorOnly:0 RuntimeOnly:0 HLODRelevant:0
 |   |   |- [+] [ 31]
 |   |   |   |- Guid:9D2C2E8445B29B6A5BA9E7A0C9F20D6D BaseClass:/Game/CHARACTERS/PlayerChar/BP_Player.BP_Player_C NativeClass:/Script/Engine.Character Name:BP_Player_C_UAID_38D5470F97AF28AA01_1113314719 Label:BP_Player SpatiallyLoaded:1 Bounds:IsValid=true, Min=(X=-121.743 Y=-218.226 Z=324.616), Max=(X=2.025 Y=-79.169 Z=535.843) RuntimeGrid:None EditorOnly:0 RuntimeOnly:0 HLODRelevant:0
 |   |   |- [+] [ 32]
 |   |   |   |- Guid:02FFA1B046D6B9E093CFB58D08760CB9 BaseClass:/Game/BLUEPRINTS/BP_InvisibleWalls.BP_InvisibleWalls_C NativeClass:/Script/Engine.Actor Name:BP_InvisibleWalls_C_UAID_38D5470F97AF0EAB01_1615454209 Label:BP_InvisibleWalls7 SpatiallyLoaded:1 Bounds:IsValid=true, Min=(X=-1298.122 Y=-300.122 Z=-142.495), Max=(X=-778.506 Y=299.878 Z=13423.985) RuntimeGrid:None EditorOnly:0 RuntimeOnly:0 HLODRelevant:0
 |   |   |- [+] [ 33]
 |   |   |   |- Guid:19EBD7F5481665AB70C12F87FEF22EFF BaseClass:/Game/BLUEPRINTS/BP_HexPlatform.BP_HexPlatform_C NativeClass:/Script/Engine.Actor Name:BP_HexPlatform_C_UAID_38D5470F97AF25AA01_2092846200 Label:BP_HexPlatform5 SpatiallyLoaded:1 Bounds:IsValid=true, Min=(X=-518.942 Y=-748.731 Z=0.614), Max=(X=-1.058 Y=-151.269 Z=157.388) RuntimeGrid:None EditorOnly:0 RuntimeOnly:0 HLODRelevant:0
 |   |   |- [+] [ 34]
 |   |   |   |- Guid:74282F104D17832CB9840EB864FFD64E BaseClass:/Game/BLUEPRINTS/BP_HexPlatform.BP_HexPlatform_C NativeClass:/Script/Engine.Actor Name:BP_HexPlatform_C_UAID_38D5470F97AF25AA01_2104953202 Label:BP_HexPlatform7 SpatiallyLoaded:1 Bounds:IsValid=true, Min=(X=-778.942 Y=-298.731 Z=0.614), Max=(X=-261.058 Y=298.731 Z=157.388) RuntimeGrid:None EditorOnly:0 RuntimeOnly:0 HLODRelevant:0
 |   |   |- [+] [ 35]
 |   |   |   |- Guid:C752F79A488323E11FE8B1A7099A9E1B BaseClass:/Game/BLUEPRINTS/BP_Enemy.BP_Enemy_C NativeClass:/Script/Engine.Character Name:BP_Enemy_C_UAID_38D5470F97AF11AB01_1495285744 Label:BP_Enemy SpatiallyLoaded:1 Bounds:IsValid=true, Min=(X=-266.089 Y=445.364 Z=290.853), Max=(X=-198.089 Y=513.364 Z=466.853) RuntimeGrid:None EditorOnly:0 RuntimeOnly:0 HLODRelevant:0
 |   |   |- [+] [ 36]
 |   |   |   |- Guid:220CD9A94691E8B1FF5749BDFDC61599 BaseClass:/Game/BLUEPRINTS/BP_TextBlocks.BP_TextBlocks_C NativeClass:/Script/Engine.Actor Name:BP_TextBlocks_C_UAID_38D5470F97AF26AA01_1345049380 Label:BP_TextBlocks SpatiallyLoaded:1 Bounds:IsValid=true, Min=(X=-1871.338 Y=1125.022 Z=130.000), Max=(X=736.483 Y=1752.370 Z=616.000) RuntimeGrid:None EditorOnly:0 RuntimeOnly:0 HLODRelevant:0
 |   |   |- [+] [ 37]
 |   |   |   |- Guid:8D5FF9E34CEC9FF14471EFB8BDAFD710 BaseClass:/Game/BLUEPRINTS/BP_HexPlatform.BP_HexPlatform_C NativeClass:/Script/Engine.Actor Name:BP_HexPlatform_C_UAID_38D5470F97AF25AA01_2073317197 Label:BP_HexPlatform2 SpatiallyLoaded:1 Bounds:IsValid=true, Min=(X=261.058 Y=-298.731 Z=0.614), Max=(X=778.942 Y=298.731 Z=157.388) RuntimeGrid:None EditorOnly:0 RuntimeOnly:0 HLODRelevant:0
 |- ContainerInstances:
 |- [+] MainContainer:
 |   |-        ID: 0x0000000000000000
 |   |-    Bounds: IsValid=true, Min=(X=-1871.338 Y=-2050.000 Z=-142.495), Max=(X=2635.000 Y=2050.000 Z=13423.985)
 |   |- Transform: 0.000000,0.000000,0.000000|0.000000,0.000000,-0.000000|1.000000,1.000000,1.000000
 |   |- Container: /Game/LEVELS/GameLevel
----------------------------------------------------------------------------------------------------------------
GameLevel - Persistent Level
----------------------------------------------------------------------------------------------------------------
Always loaded Actor Count: 49 

----------------------------------------------------------------------------------------------------------------
GameLevel - Runtime Spatial Hash - Streaming Grid - MainGrid
----------------------------------------------------------------------------------------------------------------
            Origin: X=0.000 Y=0.000 Z=0.000
         Cell Size: 25600
      World Bounds: IsValid=true, Min=(X=-1871.338 Y=-2050.000 Z=-142.495), Max=(X=2635.000 Y=2050.000 Z=13423.985)
     Loading Range: 76800.00
Block Slow Loading: No
 ClientOnlyVisible: No

[+] Grid Levels: 2
 |- Level  0: Cell Count    4 | Cell Size   25600 | Actor Count   17 (100.0%)
 |- Level  1: Cell Count    0 | Cell Size   51200 | Actor Count    0 (0.0%)

[+] Content of Grid Level 0
 |- [+] Content of Cell MainGrid_L0_X0_Y-1
 |   |- Actor Count: 4
 |   |- Actor Path: /Game/LEVELS/GameLevel.GameLevel:PersistentLevel.BP_InvisibleWalls_C_UAID_38D5470F97AF0EAB01_1635937212
 |   |- Actor Package: /Game/__ExternalActors__/LEVELS/GameLevel/1/60/NXOTDEROQ9IS6SEETLIVZG
 |   |- Actor Path: /Game/LEVELS/GameLevel.GameLevel:PersistentLevel.BP_Token_C_UAID_38D5470F97AF17AB01_1859879805
 |   |- Actor Package: /Game/__ExternalActors__/LEVELS/GameLevel/2/3Y/R69P96CXXGHN6JAM0SV0GY
 |   |- Actor Path: /Game/LEVELS/GameLevel.GameLevel:PersistentLevel.BP_InvisibleWalls_C_UAID_38D5470F97AF0EAB01_1627137211
 |   |- Actor Package: /Game/__ExternalActors__/LEVELS/GameLevel/3/ZL/6E7A5VU57ILXO4CCPF6SFE
 |   |- Actor Path: /Game/LEVELS/GameLevel.GameLevel:PersistentLevel.BP_HexPlatform_C_UAID_38D5470F97AF25AA01_2092849201
 |   |- Actor Package: /Game/__ExternalActors__/LEVELS/GameLevel/5/8A/BDUUQTOSMD8LWEONNBR9QD
 |- [+] Content of Cell MainGrid_L0_X-1_Y-1
 |   |- Actor Count: 4
 |   |- Actor Path: /Game/LEVELS/GameLevel.GameLevel:PersistentLevel.BP_InvisibleWalls_C_UAID_38D5470F97AF0EAB01_1664157214
 |   |- Actor Package: /Game/__ExternalActors__/LEVELS/GameLevel/2/OL/9G64TCQO6TRTXXSRZM147Q
 |   |- Actor Path: /Game/LEVELS/GameLevel.GameLevel:PersistentLevel.BP_Token_C_UAID_38D5470F97AF17AB01_1858466804
 |   |- Actor Package: /Game/__ExternalActors__/LEVELS/GameLevel/2/SE/S0G91F64N5E0YU1EA6QX1T
 |   |- Actor Path: /Game/LEVELS/GameLevel.GameLevel:PersistentLevel.BP_InvisibleWalls_C_UAID_38D5470F97AF0EAB01_1609759208
 |   |- Actor Package: /Game/__ExternalActors__/LEVELS/GameLevel/6/N3/6GBIQ5ZDI0Q0S4CGQCQGO2
 |   |- Actor Path: /Game/LEVELS/GameLevel.GameLevel:PersistentLevel.BP_HexPlatform_C_UAID_38D5470F97AF25AA01_2092846200
 |   |- Actor Package: /Game/__ExternalActors__/LEVELS/GameLevel/C/G6/KG024WZ6EHOZTDYC83BKGM
 |- [+] Content of Cell MainGrid_L0_X0_Y0
 |   |- Actor Count: 4
 |   |- Actor Path: /Game/LEVELS/GameLevel.GameLevel:PersistentLevel.BP_InvisibleWalls_C_UAID_38D5470F97AF0EAB01_1513419201
 |   |- Actor Package: /Game/__ExternalActors__/LEVELS/GameLevel/2/UB/2RJTNT76GRRAX8VKYVDE3F
 |   |- Actor Path: /Game/LEVELS/GameLevel.GameLevel:PersistentLevel.BP_InvisibleWalls_C_UAID_38D5470F97AF0EAB01_1524343202
 |   |- Actor Package: /Game/__ExternalActors__/LEVELS/GameLevel/4/XT/XO021ONWNEIY895V2W8LF8
 |   |- Actor Path: /Game/LEVELS/GameLevel.GameLevel:PersistentLevel.BP_Token_C_UAID_38D5470F97AF17AB01_1856211802
 |   |- Actor Package: /Game/__ExternalActors__/LEVELS/GameLevel/9/AY/I0OKWO0JL4XGO5T30XO9DL
 |   |- Actor Path: /Game/LEVELS/GameLevel.GameLevel:PersistentLevel.BP_HexPlatform_C_UAID_38D5470F97AF25AA01_2081313199
 |   |- Actor Package: /Game/__ExternalActors__/LEVELS/GameLevel/B/61/TEU0AHEFZWQABEX3GSOIRN
 |- [+] Content of Cell MainGrid_L0_X-1_Y0
 |   |- Actor Count: 5
 |   |- Actor Path: /Game/LEVELS/GameLevel.GameLevel:PersistentLevel.BP_HexPlatform_C_UAID_38D5470F97AF25AA01_2081310198
 |   |- Actor Package: /Game/__ExternalActors__/LEVELS/GameLevel/A/BM/WLLTAT6W3FT8QRHVJWPJFZ
 |   |- Actor Path: /Game/LEVELS/GameLevel.GameLevel:PersistentLevel.BP_Token_C_UAID_38D5470F97AF17AB01_1857336803
 |   |- Actor Package: /Game/__ExternalActors__/LEVELS/GameLevel/A/N9/9A6M4C3PS9FA9TREPA0S5T
 |   |- Actor Path: /Game/LEVELS/GameLevel.GameLevel:PersistentLevel.BP_InvisibleWalls_C_UAID_38D5470F97AF0EAB01_1594791207
 |   |- Actor Package: /Game/__ExternalActors__/LEVELS/GameLevel/B/EL/GKRU6PMM4EA7XHS4LNLU21
 |   |- Actor Path: /Game/LEVELS/GameLevel.GameLevel:PersistentLevel.BP_InvisibleWalls_C_UAID_38D5470F97AF0EAB01_1588909206
 |   |- Actor Package: /Game/__ExternalActors__/LEVELS/GameLevel/B/TW/EFSMLHGSYGXOZARXMEEJKC
 |   |- Actor Path: /Game/LEVELS/GameLevel.GameLevel:PersistentLevel.BP_Enemy_C_UAID_38D5470F97AF11AB01_1495285744
 |   |- Actor Package: /Game/__ExternalActors__/LEVELS/GameLevel/C/WF/96HHDGWIGGVR9HON3BWJTV
[+] Content of Grid Level 1

