[+] Containers:
 |- [+] Container: /Game/LEVELS/GameLevel
 |   |- [+] ActorDescs:
 |   |   |- Guid:03920DF94EEFC9F86CC66185D32A3DA1 BaseClass: NativeClass:/Script/Engine.StaticMeshActor Name:StaticMeshActor_UAID_A4AE111137DC54FB00_1240666663 Label:SM_SkySphere SpatiallyLoaded:0 Bounds:IsValid=true, Min=(X=-1638400.000 Y=-1638400.000 Z=-1638400.000), Max=(X=1638400.000 Y=1638400.000 Z=1638400.000) RuntimeGrid:None EditorOnly:0 RuntimeOnly:0 HLODRelevant:0 FolderPath:Lighting FolderGuid:B7E9BD5B45A652654791988DEF54CCEB
 |   |   |- Guid:19EBD7F5481665AB70C12F87FEF22EFF BaseClass:/Game/BLUEPRINTS/BP_HexPlatform.BP_HexPlatform_C NativeClass:/Script/Engine.Actor Name:BP_HexPlatform_C_UAID_38D5470F97AF25AA01_2092846200 Label:BP_HexPlatform5 SpatiallyLoaded:1 Bounds:IsValid=true, Min=(X=-519.808 Y=-750.000 Z=-2.731), Max=(X=-0.192 Y=-150.000 Z=257.293) RuntimeGrid:None EditorOnly:0 RuntimeOnly:0 HLODRelevant:0
 |   |   |- Guid:1D3D26F04B6DC10BEFB5B69E5CF914C8 BaseClass: NativeClass:/Script/Engine.VolumetricCloud Name:VolumetricCloud_UAID_A85E45CFE40401D200_1470381760 Label:VolumetricCloud SpatiallyLoaded:0 Bounds:IsValid=true, Min=(X=0.000 Y=0.000 Z=0.000), Max=(X=0.000 Y=0.000 Z=0.000) RuntimeGrid:None EditorOnly:0 RuntimeOnly:0 HLODRelevant:0 FolderPath:Lighting FolderGuid:B7E9BD5B45A652654791988DEF54CCEB
 |   |   |- Guid:1DE8D7AC4103A2EABA11649C7FCF8ACA BaseClass: NativeClass:/Script/Engine.SkyLight Name:SkyLight_UAID_A85E45CFE40401D200_1470380759 Label:SkyLight SpatiallyLoaded:0 Bounds:IsValid=true, Min=(X=0.000 Y=650.000 Z=720.000), Max=(X=0.000 Y=650.000 Z=720.000) RuntimeGrid:None EditorOnly:0 RuntimeOnly:0 HLODRelevant:0 FolderPath:Lighting FolderGuid:B7E9BD5B45A652654791988DEF54CCEB
 |   |   |- Guid:201A92014A2C2B2F7F8BC09F4069EF08 BaseClass:/Game/BLUEPRINTS/BP_HexPlatform.BP_HexPlatform_C NativeClass:/Script/Engine.Actor Name:BP_HexPlatform_C_UAID_38D5470F97AF27AA01_1249885562 Label:BP_HexPlatform8 SpatiallyLoaded:1 Bounds:IsValid=true, Min=(X=-769.808 Y=810.000 Z=-0.712), Max=(X=-250.192 Y=1410.000 Z=67.120) RuntimeGrid:None EditorOnly:0 RuntimeOnly:0 HLODRelevant:0
 |   |   |- Guid:218E3B124735712D7EF272B4FB8E7FF6 BaseClass: NativeClass:/Script/Landscape.Landscape Name:Landscape_UAID_A85E45CFE404FBD100_1221515703 Label:Landscape SpatiallyLoaded:0 Bounds:IsValid=true, Min=(X=-100800.000 Y=-100800.000 Z=100.000), Max=(X=-100800.000 Y=-100800.000 Z=100.000) RuntimeGrid:None EditorOnly:0 RuntimeOnly:0 HLODRelevant:0
 |   |   |- Guid:220CD9A94691E8B1FF5749BDFDC61599 BaseClass:/Game/BLUEPRINTS/BP_TextBlocks.BP_TextBlocks_C NativeClass:/Script/Engine.Actor Name:BP_TextBlocks_C_UAID_38D5470F97AF26AA01_1345049380 Label:BP_TextBlocks SpatiallyLoaded:1 Bounds:IsValid=true, Min=(X=-1090.457 Y=-410.000 Z=130.000), Max=(X=-110.000 Y=2117.519 Z=616.000) RuntimeGrid:None EditorOnly:0 RuntimeOnly:0 HLODRelevant:0
 |   |   |- Guid:24B2F6334D35C8E9DAA998B32BD6286A BaseClass:/Game/BLUEPRINTS/BP_HexPlatform.BP_HexPlatform_C NativeClass:/Script/Engine.Actor Name:BP_HexPlatform_C_UAID_38D5470F97AF25AA01_1904422194 Label:BP_HexPlatform SpatiallyLoaded:1 Bounds:IsValid=true, Min=(X=-259.808 Y=-300.000 Z=-4.512), Max=(X=259.808 Y=300.000 Z=425.093) RuntimeGrid:None EditorOnly:0 RuntimeOnly:0 HLODRelevant:0
 |   |   |- Guid:2CE12F874AA39D020A0F4BA5739BD305 BaseClass: NativeClass:/Script/Engine.SkyAtmosphere Name:SkyAtmosphere_UAID_A85E45CFE40401D200_1470382762 Label:SkyAtmosphere SpatiallyLoaded:0 Bounds:IsValid=true, Min=(X=0.000 Y=0.000 Z=0.000), Max=(X=0.000 Y=0.000 Z=0.000) RuntimeGrid:None EditorOnly:0 RuntimeOnly:0 HLODRelevant:0 FolderPath:Lighting FolderGuid:B7E9BD5B45A652654791988DEF54CCEB
 |   |   |- Guid:2EA5B8294E1906506267F2A08A404A3F BaseClass: NativeClass:/Script/Engine.PostProcessVolume Name:PostProcessVolume_UAID_309C238784AFBAAA01_2041441416 Label:PostProcessVolume SpatiallyLoaded:1 Bounds:IsValid=true, Min=(X=-1515.000 Y=-2050.000 Z=15.000), Max=(X=2635.000 Y=2050.000 Z=1765.000) RuntimeGrid:None EditorOnly:0 RuntimeOnly:0 HLODRelevant:0 FolderPath:VFX FolderGuid:F15AE8DE436ED0B65FE78BBB94699F0B
 |   |   |- Guid:4BC4569E4656C105994BF98998831061 BaseClass: NativeClass:/Script/Engine.StaticMeshActor Name:StaticMeshActor_UAID_38D5470F97AF27AA01_1257349563 Label:hexbase SpatiallyLoaded:1 Bounds:IsValid=true, Min=(X=-769.808 Y=810.000 Z=-70.712), Max=(X=-250.192 Y=1410.000 Z=-2.880) RuntimeGrid:None EditorOnly:0 RuntimeOnly:0 HLODRelevant:1
 |   |   |- Guid:4E77A6834F755BA8E6B01EBB34347A71 BaseClass:/Game/BLUEPRINTS/BP_HexPlatform.BP_HexPlatform_C NativeClass:/Script/Engine.Actor Name:BP_HexPlatform_C_UAID_38D5470F97AF25AA01_2081310198 Label:BP_HexPlatform3 SpatiallyLoaded:1 Bounds:IsValid=true, Min=(X=-519.808 Y=150.000 Z=-3.087), Max=(X=-0.192 Y=750.000 Z=290.853) RuntimeGrid:None EditorOnly:0 RuntimeOnly:0 HLODRelevant:0
 |   |   |- Guid:5368FABB47D6D9580DAECA8B0417BF92 BaseClass: NativeClass:/Script/Engine.WorldDataLayers Name:WorldDataLayers Label:WorldDataLayers-1 SpatiallyLoaded:0 Bounds:IsValid=true, Min=(X=0.000 Y=0.000 Z=0.000), Max=(X=0.000 Y=0.000 Z=0.000) RuntimeGrid:None EditorOnly:0 RuntimeOnly:0 HLODRelevant:0
 |   |   |- Guid:74282F104D17832CB9840EB864FFD64E BaseClass:/Game/BLUEPRINTS/BP_HexPlatform.BP_HexPlatform_C NativeClass:/Script/Engine.Actor Name:BP_HexPlatform_C_UAID_38D5470F97AF25AA01_2104953202 Label:BP_HexPlatform7 SpatiallyLoaded:1 Bounds:IsValid=true, Min=(X=-779.808 Y=-300.000 Z=-0.712), Max=(X=-260.192 Y=300.000 Z=67.120) RuntimeGrid:None EditorOnly:0 RuntimeOnly:0 HLODRelevant:0
 |   |   |- Guid:8D5FF9E34CEC9FF14471EFB8BDAFD710 BaseClass:/Game/BLUEPRINTS/BP_HexPlatform.BP_HexPlatform_C NativeClass:/Script/Engine.Actor Name:BP_HexPlatform_C_UAID_38D5470F97AF25AA01_2073317197 Label:BP_HexPlatform2 SpatiallyLoaded:1 Bounds:IsValid=true, Min=(X=260.192 Y=-300.000 Z=-0.712), Max=(X=779.808 Y=300.000 Z=67.120) RuntimeGrid:None EditorOnly:0 RuntimeOnly:0 HLODRelevant:0
 |   |   |- Guid:902ED20A45EE72E822BA08AA0FCCDD00 BaseClass: NativeClass:/Script/Engine.StaticMeshActor Name:StaticMeshActor_UAID_38D5470F97AF76AA01_1154057447 Label:Cube SpatiallyLoaded:1 Bounds:IsValid=true, Min=(X=-1370.000 Y=-70.000 Z=1530.000), Max=(X=-1270.000 Y=30.000 Z=1630.000) RuntimeGrid:None EditorOnly:0 RuntimeOnly:0 HLODRelevant:1
 |   |   |- Guid:9D2C2E8445B29B6A5BA9E7A0C9F20D6D BaseClass:/Game/CHARACTERS/PlayerChar/BP_Player.BP_Player_C NativeClass:/Script/Engine.Character Name:BP_Player_C_UAID_38D5470F97AF28AA01_1113314719 Label:BP_Player SpatiallyLoaded:1 Bounds:IsValid=true, Min=(X=-121.743 Y=-75.842 Z=430.000), Max=(X=2.025 Y=63.214 Z=632.425) RuntimeGrid:None EditorOnly:0 RuntimeOnly:0 HLODRelevant:0
 |   |   |- Guid:AAAC6B5742760A58C2206DB37E44683C BaseClass: NativeClass:/Script/Engine.DirectionalLight Name:DirectionalLight_UAID_A85E45CFE40401D200_1470382761 Label:DirectionalLight SpatiallyLoaded:0 Bounds:IsValid=true, Min=(X=-4398046511104.000 Y=-4398046511104.000 Z=-4398046511104.000), Max=(X=4398046511104.000 Y=4398046511104.000 Z=4398046511104.000) RuntimeGrid:None EditorOnly:0 RuntimeOnly:0 HLODRelevant:0 FolderPath:Lighting FolderGuid:B7E9BD5B45A652654791988DEF54CCEB
 |   |   |- Guid:B4E9B9B34077C3799AC48AA9C47D7A0B BaseClass: NativeClass:/Script/Engine.StaticMeshActor Name:StaticMeshActor_UAID_38D5470F97AF26AA01_1508692381 Label:Sphere SpatiallyLoaded:1 Bounds:IsValid=true, Min=(X=-315.000 Y=485.000 Z=295.000), Max=(X=-265.000 Y=535.000 Z=345.000) RuntimeGrid:None EditorOnly:0 RuntimeOnly:0 HLODRelevant:1
 |   |   |- Guid:D3FB7383421AAEFD3DB6F8B1E415A9FE BaseClass: NativeClass:/Script/Engine.ExponentialHeightFog Name:ExponentialHeightFog_UAID_A85E45CFE40401D200_1470382763 Label:ExponentialHeightFog SpatiallyLoaded:0 Bounds:IsValid=true, Min=(X=0.000 Y=0.000 Z=-280.000), Max=(X=0.000 Y=0.000 Z=-280.000) RuntimeGrid:None EditorOnly:0 RuntimeOnly:0 HLODRelevant:0 FolderPath:Lighting FolderGuid:B7E9BD5B45A652654791988DEF54CCEB
 |   |   |- Guid:DE06CB9A471A50B9A1F5528BB9E973B2 BaseClass: NativeClass:/Script/Engine.StaticMeshActor Name:StaticMeshActor_UAID_38D5470F97AF26AA01_2108232385 Label:Cone SpatiallyLoaded:1 Bounds:IsValid=true, Min=(X=-477.500 Y=-417.500 Z=252.500), Max=(X=-402.500 Y=-342.500 Z=327.500) RuntimeGrid:None EditorOnly:0 RuntimeOnly:0 HLODRelevant:1
 |   |   |- Guid:E0F728AA45C090F96E25E7816836A5C5 BaseClass:/Game/BLUEPRINTS/BP_HexPlatform.BP_HexPlatform_C NativeClass:/Script/Engine.Actor Name:BP_HexPlatform_C_UAID_38D5470F97AF25AA01_2092849201 Label:BP_HexPlatform6 SpatiallyLoaded:1 Bounds:IsValid=true, Min=(X=0.192 Y=-750.000 Z=-16.209), Max=(X=519.808 Y=-150.000 Z=1526.978) RuntimeGrid:None EditorOnly:0 RuntimeOnly:0 HLODRelevant:0
 |   |   |- Guid:EB1356C84F425560E8CB77B8B99A368A BaseClass:/Game/BLUEPRINTS/BP_HexPlatform.BP_HexPlatform_C NativeClass:/Script/Engine.Actor Name:BP_HexPlatform_C_UAID_38D5470F97AF25AA01_2081313199 Label:BP_HexPlatform4 SpatiallyLoaded:1 Bounds:IsValid=true, Min=(X=0.192 Y=150.000 Z=-1.484), Max=(X=519.808 Y=750.000 Z=139.833) RuntimeGrid:None EditorOnly:0 RuntimeOnly:0 HLODRelevant:0
 |   |- [+] Clusters:
 |   |   |- [+] [  0]
 |   |   |   |- Guid:D3FB7383421AAEFD3DB6F8B1E415A9FE BaseClass: NativeClass:/Script/Engine.ExponentialHeightFog Name:ExponentialHeightFog_UAID_A85E45CFE40401D200_1470382763 Label:ExponentialHeightFog SpatiallyLoaded:0 Bounds:IsValid=true, Min=(X=0.000 Y=0.000 Z=-280.000), Max=(X=0.000 Y=0.000 Z=-280.000) RuntimeGrid:None EditorOnly:0 RuntimeOnly:0 HLODRelevant:0 FolderPath:Lighting FolderGuid:B7E9BD5B45A652654791988DEF54CCEB
 |   |   |- [+] [  1]
 |   |   |   |- Guid:AAAC6B5742760A58C2206DB37E44683C BaseClass: NativeClass:/Script/Engine.DirectionalLight Name:DirectionalLight_UAID_A85E45CFE40401D200_1470382761 Label:DirectionalLight SpatiallyLoaded:0 Bounds:IsValid=true, Min=(X=-4398046511104.000 Y=-4398046511104.000 Z=-4398046511104.000), Max=(X=4398046511104.000 Y=4398046511104.000 Z=4398046511104.000) RuntimeGrid:None EditorOnly:0 RuntimeOnly:0 HLODRelevant:0 FolderPath:Lighting FolderGuid:B7E9BD5B45A652654791988DEF54CCEB
 |   |   |- [+] [  2]
 |   |   |   |- Guid:1DE8D7AC4103A2EABA11649C7FCF8ACA BaseClass: NativeClass:/Script/Engine.SkyLight Name:SkyLight_UAID_A85E45CFE40401D200_1470380759 Label:SkyLight SpatiallyLoaded:0 Bounds:IsValid=true, Min=(X=0.000 Y=650.000 Z=720.000), Max=(X=0.000 Y=650.000 Z=720.000) RuntimeGrid:None EditorOnly:0 RuntimeOnly:0 HLODRelevant:0 FolderPath:Lighting FolderGuid:B7E9BD5B45A652654791988DEF54CCEB
 |   |   |- [+] [  3]
 |   |   |   |- Guid:5368FABB47D6D9580DAECA8B0417BF92 BaseClass: NativeClass:/Script/Engine.WorldDataLayers Name:WorldDataLayers Label:WorldDataLayers-1 SpatiallyLoaded:0 Bounds:IsValid=true, Min=(X=0.000 Y=0.000 Z=0.000), Max=(X=0.000 Y=0.000 Z=0.000) RuntimeGrid:None EditorOnly:0 RuntimeOnly:0 HLODRelevant:0
 |   |   |- [+] [  4]
 |   |   |   |- Guid:4BC4569E4656C105994BF98998831061 BaseClass: NativeClass:/Script/Engine.StaticMeshActor Name:StaticMeshActor_UAID_38D5470F97AF27AA01_1257349563 Label:hexbase SpatiallyLoaded:1 Bounds:IsValid=true, Min=(X=-769.808 Y=810.000 Z=-70.712), Max=(X=-250.192 Y=1410.000 Z=-2.880) RuntimeGrid:None EditorOnly:0 RuntimeOnly:0 HLODRelevant:1
 |   |   |- [+] [  5]
 |   |   |   |- Guid:E0F728AA45C090F96E25E7816836A5C5 BaseClass:/Game/BLUEPRINTS/BP_HexPlatform.BP_HexPlatform_C NativeClass:/Script/Engine.Actor Name:BP_HexPlatform_C_UAID_38D5470F97AF25AA01_2092849201 Label:BP_HexPlatform6 SpatiallyLoaded:1 Bounds:IsValid=true, Min=(X=0.192 Y=-750.000 Z=-16.209), Max=(X=519.808 Y=-150.000 Z=1526.978) RuntimeGrid:None EditorOnly:0 RuntimeOnly:0 HLODRelevant:0
 |   |   |- [+] [  6]
 |   |   |   |- Guid:DE06CB9A471A50B9A1F5528BB9E973B2 BaseClass: NativeClass:/Script/Engine.StaticMeshActor Name:StaticMeshActor_UAID_38D5470F97AF26AA01_2108232385 Label:Cone SpatiallyLoaded:1 Bounds:IsValid=true, Min=(X=-477.500 Y=-417.500 Z=252.500), Max=(X=-402.500 Y=-342.500 Z=327.500) RuntimeGrid:None EditorOnly:0 RuntimeOnly:0 HLODRelevant:1
 |   |   |- [+] [  7]
 |   |   |   |- Guid:2EA5B8294E1906506267F2A08A404A3F BaseClass: NativeClass:/Script/Engine.PostProcessVolume Name:PostProcessVolume_UAID_309C238784AFBAAA01_2041441416 Label:PostProcessVolume SpatiallyLoaded:1 Bounds:IsValid=true, Min=(X=-1515.000 Y=-2050.000 Z=15.000), Max=(X=2635.000 Y=2050.000 Z=1765.000) RuntimeGrid:None EditorOnly:0 RuntimeOnly:0 HLODRelevant:0 FolderPath:VFX FolderGuid:F15AE8DE436ED0B65FE78BBB94699F0B
 |   |   |- [+] [  8]
 |   |   |   |- Guid:2CE12F874AA39D020A0F4BA5739BD305 BaseClass: NativeClass:/Script/Engine.SkyAtmosphere Name:SkyAtmosphere_UAID_A85E45CFE40401D200_1470382762 Label:SkyAtmosphere SpatiallyLoaded:0 Bounds:IsValid=true, Min=(X=0.000 Y=0.000 Z=0.000), Max=(X=0.000 Y=0.000 Z=0.000) RuntimeGrid:None EditorOnly:0 RuntimeOnly:0 HLODRelevant:0 FolderPath:Lighting FolderGuid:B7E9BD5B45A652654791988DEF54CCEB
 |   |   |- [+] [  9]
 |   |   |   |- Guid:902ED20A45EE72E822BA08AA0FCCDD00 BaseClass: NativeClass:/Script/Engine.StaticMeshActor Name:StaticMeshActor_UAID_38D5470F97AF76AA01_1154057447 Label:Cube SpatiallyLoaded:1 Bounds:IsValid=true, Min=(X=-1370.000 Y=-70.000 Z=1530.000), Max=(X=-1270.000 Y=30.000 Z=1630.000) RuntimeGrid:None EditorOnly:0 RuntimeOnly:0 HLODRelevant:1
 |   |   |- [+] [ 10]
 |   |   |   |- Guid:03920DF94EEFC9F86CC66185D32A3DA1 BaseClass: NativeClass:/Script/Engine.StaticMeshActor Name:StaticMeshActor_UAID_A4AE111137DC54FB00_1240666663 Label:SM_SkySphere SpatiallyLoaded:0 Bounds:IsValid=true, Min=(X=-1638400.000 Y=-1638400.000 Z=-1638400.000), Max=(X=1638400.000 Y=1638400.000 Z=1638400.000) RuntimeGrid:None EditorOnly:0 RuntimeOnly:0 HLODRelevant:0 FolderPath:Lighting FolderGuid:B7E9BD5B45A652654791988DEF54CCEB
 |   |   |- [+] [ 11]
 |   |   |   |- Guid:4E77A6834F755BA8E6B01EBB34347A71 BaseClass:/Game/BLUEPRINTS/BP_HexPlatform.BP_HexPlatform_C NativeClass:/Script/Engine.Actor Name:BP_HexPlatform_C_UAID_38D5470F97AF25AA01_2081310198 Label:BP_HexPlatform3 SpatiallyLoaded:1 Bounds:IsValid=true, Min=(X=-519.808 Y=150.000 Z=-3.087), Max=(X=-0.192 Y=750.000 Z=290.853) RuntimeGrid:None EditorOnly:0 RuntimeOnly:0 HLODRelevant:0
 |   |   |- [+] [ 12]
 |   |   |   |- Guid:EB1356C84F425560E8CB77B8B99A368A BaseClass:/Game/BLUEPRINTS/BP_HexPlatform.BP_HexPlatform_C NativeClass:/Script/Engine.Actor Name:BP_HexPlatform_C_UAID_38D5470F97AF25AA01_2081313199 Label:BP_HexPlatform4 SpatiallyLoaded:1 Bounds:IsValid=true, Min=(X=0.192 Y=150.000 Z=-1.484), Max=(X=519.808 Y=750.000 Z=139.833) RuntimeGrid:None EditorOnly:0 RuntimeOnly:0 HLODRelevant:0
 |   |   |- [+] [ 13]
 |   |   |   |- Guid:218E3B124735712D7EF272B4FB8E7FF6 BaseClass: NativeClass:/Script/Landscape.Landscape Name:Landscape_UAID_A85E45CFE404FBD100_1221515703 Label:Landscape SpatiallyLoaded:0 Bounds:IsValid=true, Min=(X=-100800.000 Y=-100800.000 Z=100.000), Max=(X=-100800.000 Y=-100800.000 Z=100.000) RuntimeGrid:None EditorOnly:0 RuntimeOnly:0 HLODRelevant:0
 |   |   |- [+] [ 14]
 |   |   |   |- Guid:1D3D26F04B6DC10BEFB5B69E5CF914C8 BaseClass: NativeClass:/Script/Engine.VolumetricCloud Name:VolumetricCloud_UAID_A85E45CFE40401D200_1470381760 Label:VolumetricCloud SpatiallyLoaded:0 Bounds:IsValid=true, Min=(X=0.000 Y=0.000 Z=0.000), Max=(X=0.000 Y=0.000 Z=0.000) RuntimeGrid:None EditorOnly:0 RuntimeOnly:0 HLODRelevant:0 FolderPath:Lighting FolderGuid:B7E9BD5B45A652654791988DEF54CCEB
 |   |   |- [+] [ 15]
 |   |   |   |- Guid:24B2F6334D35C8E9DAA998B32BD6286A BaseClass:/Game/BLUEPRINTS/BP_HexPlatform.BP_HexPlatform_C NativeClass:/Script/Engine.Actor Name:BP_HexPlatform_C_UAID_38D5470F97AF25AA01_1904422194 Label:BP_HexPlatform SpatiallyLoaded:1 Bounds:IsValid=true, Min=(X=-259.808 Y=-300.000 Z=-4.512), Max=(X=259.808 Y=300.000 Z=425.093) RuntimeGrid:None EditorOnly:0 RuntimeOnly:0 HLODRelevant:0
 |   |   |- [+] [ 16]
 |   |   |   |- Guid:9D2C2E8445B29B6A5BA9E7A0C9F20D6D BaseClass:/Game/CHARACTERS/PlayerChar/BP_Player.BP_Player_C NativeClass:/Script/Engine.Character Name:BP_Player_C_UAID_38D5470F97AF28AA01_1113314719 Label:BP_Player SpatiallyLoaded:1 Bounds:IsValid=true, Min=(X=-121.743 Y=-75.842 Z=430.000), Max=(X=2.025 Y=63.214 Z=632.425) RuntimeGrid:None EditorOnly:0 RuntimeOnly:0 HLODRelevant:0
 |   |   |- [+] [ 17]
 |   |   |   |- Guid:201A92014A2C2B2F7F8BC09F4069EF08 BaseClass:/Game/BLUEPRINTS/BP_HexPlatform.BP_HexPlatform_C NativeClass:/Script/Engine.Actor Name:BP_HexPlatform_C_UAID_38D5470F97AF27AA01_1249885562 Label:BP_HexPlatform8 SpatiallyLoaded:1 Bounds:IsValid=true, Min=(X=-769.808 Y=810.000 Z=-0.712), Max=(X=-250.192 Y=1410.000 Z=67.120) RuntimeGrid:None EditorOnly:0 RuntimeOnly:0 HLODRelevant:0
 |   |   |- [+] [ 18]
 |   |   |   |- Guid:19EBD7F5481665AB70C12F87FEF22EFF BaseClass:/Game/BLUEPRINTS/BP_HexPlatform.BP_HexPlatform_C NativeClass:/Script/Engine.Actor Name:BP_HexPlatform_C_UAID_38D5470F97AF25AA01_2092846200 Label:BP_HexPlatform5 SpatiallyLoaded:1 Bounds:IsValid=true, Min=(X=-519.808 Y=-750.000 Z=-2.731), Max=(X=-0.192 Y=-150.000 Z=257.293) RuntimeGrid:None EditorOnly:0 RuntimeOnly:0 HLODRelevant:0
 |   |   |- [+] [ 19]
 |   |   |   |- Guid:74282F104D17832CB9840EB864FFD64E BaseClass:/Game/BLUEPRINTS/BP_HexPlatform.BP_HexPlatform_C NativeClass:/Script/Engine.Actor Name:BP_HexPlatform_C_UAID_38D5470F97AF25AA01_2104953202 Label:BP_HexPlatform7 SpatiallyLoaded:1 Bounds:IsValid=true, Min=(X=-779.808 Y=-300.000 Z=-0.712), Max=(X=-260.192 Y=300.000 Z=67.120) RuntimeGrid:None EditorOnly:0 RuntimeOnly:0 HLODRelevant:0
 |   |   |- [+] [ 20]
 |   |   |   |- Guid:220CD9A94691E8B1FF5749BDFDC61599 BaseClass:/Game/BLUEPRINTS/BP_TextBlocks.BP_TextBlocks_C NativeClass:/Script/Engine.Actor Name:BP_TextBlocks_C_UAID_38D5470F97AF26AA01_1345049380 Label:BP_TextBlocks SpatiallyLoaded:1 Bounds:IsValid=true, Min=(X=-1090.457 Y=-410.000 Z=130.000), Max=(X=-110.000 Y=2117.519 Z=616.000) RuntimeGrid:None EditorOnly:0 RuntimeOnly:0 HLODRelevant:0
 |   |   |- [+] [ 21]
 |   |   |   |- Guid:8D5FF9E34CEC9FF14471EFB8BDAFD710 BaseClass:/Game/BLUEPRINTS/BP_HexPlatform.BP_HexPlatform_C NativeClass:/Script/Engine.Actor Name:BP_HexPlatform_C_UAID_38D5470F97AF25AA01_2073317197 Label:BP_HexPlatform2 SpatiallyLoaded:1 Bounds:IsValid=true, Min=(X=260.192 Y=-300.000 Z=-0.712), Max=(X=779.808 Y=300.000 Z=67.120) RuntimeGrid:None EditorOnly:0 RuntimeOnly:0 HLODRelevant:0
 |   |   |- [+] [ 22]
 |   |   |   |- Guid:B4E9B9B34077C3799AC48AA9C47D7A0B BaseClass: NativeClass:/Script/Engine.StaticMeshActor Name:StaticMeshActor_UAID_38D5470F97AF26AA01_1508692381 Label:Sphere SpatiallyLoaded:1 Bounds:IsValid=true, Min=(X=-315.000 Y=485.000 Z=295.000), Max=(X=-265.000 Y=535.000 Z=345.000) RuntimeGrid:None EditorOnly:0 RuntimeOnly:0 HLODRelevant:1
 |- ContainerInstances:
 |- [+] MainContainer:
 |   |-        ID: 0x0000000000000000
 |   |-    Bounds: IsValid=true, Min=(X=-1515.000 Y=-2050.000 Z=-70.712), Max=(X=2635.000 Y=2117.519 Z=1765.000)
 |   |- Transform: 0.000000,0.000000,0.000000|0.000000,0.000000,-0.000000|1.000000,1.000000,1.000000
 |   |- Container: /Game/LEVELS/GameLevel
----------------------------------------------------------------------------------------------------------------
GameLevel - Persistent Level
----------------------------------------------------------------------------------------------------------------
Always loaded Actor Count: 77 

----------------------------------------------------------------------------------------------------------------
GameLevel - Runtime Spatial Hash - Streaming Grid - MainGrid
----------------------------------------------------------------------------------------------------------------
            Origin: X=0.000 Y=0.000 Z=0.000
         Cell Size: 25600
      World Bounds: IsValid=true, Min=(X=-1515.000 Y=-2050.000 Z=-70.712), Max=(X=2635.000 Y=2117.519 Z=1765.000)
     Loading Range: 76800.00
Block Slow Loading: No
 ClientOnlyVisible: No

[+] Grid Levels: 2
 |- Level  0: Cell Count    4 | Cell Size   25600 | Actor Count    8 (100.0%)
 |- Level  1: Cell Count    0 | Cell Size   51200 | Actor Count    0 (0.0%)

[+] Content of Grid Level 0
 |- [+] Content of Cell MainGrid_L0_X-1_Y0
 |   |- Actor Count: 4
 |   |- Actor Path: /Game/LEVELS/GameLevel.GameLevel:PersistentLevel.StaticMeshActor_UAID_38D5470F97AF27AA01_1257349563
 |   |- Actor Package: /Game/__ExternalActors__/LEVELS/GameLevel/3/GO/XS61711EKJT0JR4JVEBNZW
 |   |- Actor Path: /Game/LEVELS/GameLevel.GameLevel:PersistentLevel.BP_HexPlatform_C_UAID_38D5470F97AF25AA01_2081310198
 |   |- Actor Package: /Game/__ExternalActors__/LEVELS/GameLevel/A/BM/WLLTAT6W3FT8QRHVJWPJFZ
 |   |- Actor Path: /Game/LEVELS/GameLevel.GameLevel:PersistentLevel.BP_HexPlatform_C_UAID_38D5470F97AF27AA01_1249885562
 |   |- Actor Package: /Game/__ExternalActors__/LEVELS/GameLevel/C/8G/7E9TXRXX9LOLFPHQPCFGIX
 |   |- Actor Path: /Game/LEVELS/GameLevel.GameLevel:PersistentLevel.StaticMeshActor_UAID_38D5470F97AF26AA01_1508692381
 |   |- Actor Package: /Game/__ExternalActors__/LEVELS/GameLevel/E/Q9/VST242E4SK7UFEMKLW1L50
 |- [+] Content of Cell MainGrid_L0_X0_Y-1
 |   |- Actor Count: 1
 |   |- Actor Path: /Game/LEVELS/GameLevel.GameLevel:PersistentLevel.BP_HexPlatform_C_UAID_38D5470F97AF25AA01_2092849201
 |   |- Actor Package: /Game/__ExternalActors__/LEVELS/GameLevel/5/8A/BDUUQTOSMD8LWEONNBR9QD
 |- [+] Content of Cell MainGrid_L0_X-1_Y-1
 |   |- Actor Count: 2
 |   |- Actor Path: /Game/LEVELS/GameLevel.GameLevel:PersistentLevel.StaticMeshActor_UAID_38D5470F97AF26AA01_2108232385
 |   |- Actor Package: /Game/__ExternalActors__/LEVELS/GameLevel/6/J9/28GSM2MYNXLHIGLX4Z82YN
 |   |- Actor Path: /Game/LEVELS/GameLevel.GameLevel:PersistentLevel.BP_HexPlatform_C_UAID_38D5470F97AF25AA01_2092846200
 |   |- Actor Package: /Game/__ExternalActors__/LEVELS/GameLevel/C/G6/KG024WZ6EHOZTDYC83BKGM
 |- [+] Content of Cell MainGrid_L0_X0_Y0
 |   |- Actor Count: 1
 |   |- Actor Path: /Game/LEVELS/GameLevel.GameLevel:PersistentLevel.BP_HexPlatform_C_UAID_38D5470F97AF25AA01_2081313199
 |   |- Actor Package: /Game/__ExternalActors__/LEVELS/GameLevel/B/61/TEU0AHEFZWQABEX3GSOIRN
[+] Content of Grid Level 1

